<?xml version="1.0" encoding="UTF-8"?>
<coverage generated="1639338666259" clover="3.2.0">
  <project timestamp="1639338666260" name="All files">
    <metrics statements="11" coveredstatements="9" conditionals="3" coveredconditionals="1" methods="2" coveredmethods="2" elements="16" coveredelements="12" complexity="0" loc="11" ncloc="11" packages="1" files="1" classes="1"/>
    <file name="utils.js" path="/home/app/src/helpers/utils.js">
      <metrics statements="11" coveredstatements="9" conditionals="3" coveredconditionals="1" methods="2" coveredmethods="2"/>
      <line num="4" count="1" type="stmt"/>
      <line num="5" count="3" type="stmt"/>
      <line num="6" count="3" type="stmt"/>
      <line num="7" count="3" type="stmt"/>
      <line num="8" count="3" type="stmt"/>
      <line num="10" count="0" type="stmt"/>
      <line num="11" count="0" type="stmt"/>
      <line num="16" count="1" type="cond" truecount="1" falsecount="2"/>
      <line num="17" count="1" type="stmt"/>
      <line num="22" count="1" type="stmt"/>
      <line num="34" count="1" type="stmt"/>
    </file>
  </project>
</coverage>
