<?xml version="1.0" encoding="UTF-8"?>
<coverage generated="1642701266544" clover="3.2.0">
  <project timestamp="1642701266545" name="All files">
    <metrics statements="26" coveredstatements="11" conditionals="8" coveredconditionals="0" methods="8" coveredmethods="1" elements="42" coveredelements="12" complexity="0" loc="26" ncloc="26" packages="1" files="1" classes="1"/>
    <file name="utils.js" path="/home/app/src/helpers/utils.js">
      <metrics statements="26" coveredstatements="11" conditionals="8" coveredconditionals="0" methods="8" coveredmethods="1"/>
      <line num="3" count="1" type="stmt"/>
      <line num="7" count="1" type="stmt"/>
      <line num="8" count="0" type="stmt"/>
      <line num="9" count="0" type="stmt"/>
      <line num="10" count="0" type="stmt"/>
      <line num="11" count="0" type="stmt"/>
      <line num="17" count="0" type="stmt"/>
      <line num="18" count="0" type="stmt"/>
      <line num="23" count="1" type="stmt"/>
      <line num="24" count="1" type="stmt"/>
      <line num="30" count="1" type="stmt"/>
      <line num="41" count="1" type="cond" truecount="0" falsecount="2"/>
      <line num="43" count="1" type="stmt"/>
      <line num="44" count="0" type="stmt"/>
      <line num="45" count="0" type="stmt"/>
      <line num="46" count="0" type="cond" truecount="0" falsecount="4"/>
      <line num="48" count="0" type="stmt"/>
      <line num="50" count="0" type="stmt"/>
      <line num="55" count="1" type="stmt"/>
      <line num="56" count="0" type="cond" truecount="0" falsecount="2"/>
      <line num="57" count="0" type="stmt"/>
      <line num="58" count="0" type="stmt"/>
      <line num="59" count="0" type="stmt"/>
      <line num="64" count="1" type="stmt"/>
      <line num="65" count="1" type="stmt"/>
      <line num="68" count="1" type="stmt"/>
    </file>
  </project>
</coverage>
