{"/home/app/src/helpers/utils.js": {"path":"/home/app/src/helpers/utils.js","statementMap":{"0":{"start":{"line":3,"column":15},"end":{"line":3,"column":34}},"1":{"start":{"line":7,"column":21},"end":{"line":20,"column":1}},"2":{"start":{"line":8,"column":1},"end":{"line":19,"column":2}},"3":{"start":{"line":9,"column":30},"end":{"line":9,"column":50}},"4":{"start":{"line":10,"column":20},"end":{"line":10,"column":50}},"5":{"start":{"line":11,"column":2},"end":{"line":15,"column":4}},"6":{"start":{"line":17,"column":2},"end":{"line":17,"column":43}},"7":{"start":{"line":18,"column":2},"end":{"line":18,"column":15}},"8":{"start":{"line":23,"column":17},"end":{"line":39,"column":1}},"9":{"start":{"line":24,"column":14},"end":{"line":29,"column":2}},"10":{"start":{"line":30,"column":1},"end":{"line":38,"column":3}},"11":{"start":{"line":41,"column":21},"end":{"line":41,"column":116}},"12":{"start":{"line":41,"column":55},"end":{"line":41,"column":116}},"13":{"start":{"line":43,"column":20},"end":{"line":52,"column":1}},"14":{"start":{"line":44,"column":1},"end":{"line":51,"column":2}},"15":{"start":{"line":45,"column":2},"end":{"line":47,"column":5}},"16":{"start":{"line":46,"column":3},"end":{"line":46,"column":58}},"17":{"start":{"line":48,"column":2},"end":{"line":48,"column":14}},"18":{"start":{"line":50,"column":2},"end":{"line":50,"column":15}},"19":{"start":{"line":55,"column":20},"end":{"line":61,"column":1}},"20":{"start":{"line":56,"column":1},"end":{"line":60,"column":2}},"21":{"start":{"line":57,"column":2},"end":{"line":57,"column":46}},"22":{"start":{"line":58,"column":2},"end":{"line":58,"column":24}},"23":{"start":{"line":59,"column":2},"end":{"line":59,"column":46}},"24":{"start":{"line":64,"column":21},"end":{"line":64,"column":66}},"25":{"start":{"line":64,"column":36},"end":{"line":64,"column":66}},"26":{"start":{"line":65,"column":20},"end":{"line":65,"column":84}},"27":{"start":{"line":65,"column":47},"end":{"line":65,"column":84}},"28":{"start":{"line":68,"column":0},"end":{"line":76,"column":2}}},"fnMap":{"0":{"name":"(anonymous_0)","decl":{"start":{"line":7,"column":21},"end":{"line":7,"column":22}},"loc":{"start":{"line":7,"column":36},"end":{"line":20,"column":1}},"line":7},"1":{"name":"(anonymous_1)","decl":{"start":{"line":23,"column":17},"end":{"line":23,"column":18}},"loc":{"start":{"line":23,"column":64},"end":{"line":39,"column":1}},"line":23},"2":{"name":"(anonymous_2)","decl":{"start":{"line":41,"column":21},"end":{"line":41,"column":22}},"loc":{"start":{"line":41,"column":55},"end":{"line":41,"column":116}},"line":41},"3":{"name":"(anonymous_3)","decl":{"start":{"line":43,"column":20},"end":{"line":43,"column":21}},"loc":{"start":{"line":43,"column":40},"end":{"line":52,"column":1}},"line":43},"4":{"name":"(anonymous_4)","decl":{"start":{"line":45,"column":16},"end":{"line":45,"column":17}},"loc":{"start":{"line":45,"column":23},"end":{"line":47,"column":3}},"line":45},"5":{"name":"(anonymous_5)","decl":{"start":{"line":55,"column":20},"end":{"line":55,"column":21}},"loc":{"start":{"line":55,"column":28},"end":{"line":61,"column":1}},"line":55},"6":{"name":"(anonymous_6)","decl":{"start":{"line":64,"column":21},"end":{"line":64,"column":22}},"loc":{"start":{"line":64,"column":36},"end":{"line":64,"column":66}},"line":64},"7":{"name":"(anonymous_7)","decl":{"start":{"line":65,"column":20},"end":{"line":65,"column":21}},"loc":{"start":{"line":65,"column":47},"end":{"line":65,"column":84}},"line":65}},"branchMap":{"0":{"loc":{"start":{"line":41,"column":23},"end":{"line":41,"column":34}},"type":"default-arg","locations":[{"start":{"line":41,"column":33},"end":{"line":41,"column":34}}],"line":41},"1":{"loc":{"start":{"line":41,"column":36},"end":{"line":41,"column":49}},"type":"default-arg","locations":[{"start":{"line":41,"column":46},"end":{"line":41,"column":49}}],"line":41},"2":{"loc":{"start":{"line":46,"column":3},"end":{"line":46,"column":58}},"type":"if","locations":[{"start":{"line":46,"column":3},"end":{"line":46,"column":58}},{"start":{},"end":{}}],"line":46},"3":{"loc":{"start":{"line":46,"column":8},"end":{"line":46,"column":54}},"type":"binary-expr","locations":[{"start":{"line":46,"column":8},"end":{"line":46,"column":31}},{"start":{"line":46,"column":35},"end":{"line":46,"column":54}}],"line":46},"4":{"loc":{"start":{"line":56,"column":1},"end":{"line":60,"column":2}},"type":"if","locations":[{"start":{"line":56,"column":1},"end":{"line":60,"column":2}},{"start":{},"end":{}}],"line":56}},"s":{"0":1,"1":1,"2":0,"3":0,"4":0,"5":0,"6":0,"7":0,"8":1,"9":1,"10":1,"11":1,"12":0,"13":1,"14":0,"15":0,"16":0,"17":0,"18":0,"19":1,"20":0,"21":0,"22":0,"23":0,"24":1,"25":0,"26":1,"27":0,"28":1},"f":{"0":0,"1":1,"2":0,"3":0,"4":0,"5":0,"6":0,"7":0},"b":{"0":[0],"1":[0],"2":[0,0],"3":[0,0],"4":[0,0]},"_coverageSchema":"1a1c01bbd47fc00a2c39e90264f33305004495a9","hash":"5e364de799f022d777fda5e8f19dffe39cffd7e1"}
}
