{"/home/app/src/helpers/utils.js": {"path":"/home/app/src/helpers/utils.js","statementMap":{"0":{"start":{"line":4,"column":21},"end":{"line":13,"column":1}},"1":{"start":{"line":5,"column":1},"end":{"line":12,"column":2}},"2":{"start":{"line":6,"column":41},"end":{"line":6,"column":61}},"3":{"start":{"line":7,"column":23},"end":{"line":7,"column":53}},"4":{"start":{"line":8,"column":2},"end":{"line":8,"column":70}},"5":{"start":{"line":10,"column":2},"end":{"line":10,"column":43}},"6":{"start":{"line":11,"column":2},"end":{"line":11,"column":15}},"7":{"start":{"line":16,"column":17},"end":{"line":31,"column":1}},"8":{"start":{"line":17,"column":14},"end":{"line":21,"column":2}},"9":{"start":{"line":22,"column":1},"end":{"line":30,"column":3}},"10":{"start":{"line":34,"column":0},"end":{"line":34,"column":44}}},"fnMap":{"0":{"name":"(anonymous_0)","decl":{"start":{"line":4,"column":21},"end":{"line":4,"column":22}},"loc":{"start":{"line":4,"column":36},"end":{"line":13,"column":1}},"line":4},"1":{"name":"(anonymous_1)","decl":{"start":{"line":16,"column":17},"end":{"line":16,"column":18}},"loc":{"start":{"line":16,"column":60},"end":{"line":31,"column":1}},"line":16}},"branchMap":{"0":{"loc":{"start":{"line":16,"column":19},"end":{"line":16,"column":29}},"type":"default-arg","locations":[{"start":{"line":16,"column":26},"end":{"line":16,"column":29}}],"line":16},"1":{"loc":{"start":{"line":16,"column":31},"end":{"line":16,"column":43}},"type":"default-arg","locations":[{"start":{"line":16,"column":41},"end":{"line":16,"column":43}}],"line":16},"2":{"loc":{"start":{"line":16,"column":45},"end":{"line":16,"column":54}},"type":"default-arg","locations":[{"start":{"line":16,"column":52},"end":{"line":16,"column":54}}],"line":16}},"s":{"0":1,"1":3,"2":3,"3":3,"4":3,"5":0,"6":0,"7":1,"8":1,"9":1,"10":1},"f":{"0":3,"1":1},"b":{"0":[0],"1":[0],"2":[1]},"_coverageSchema":"1a1c01bbd47fc00a2c39e90264f33305004495a9","hash":"0b665c8f894f3c496ccb02fb8cc199fb3a29a11a"}
}
