{"/home/app/src/core/utils.js": {"path":"/home/app/src/core/utils.js","statementMap":{"0":{"start":{"line":2,"column":21},"end":{"line":2,"column":116}},"1":{"start":{"line":2,"column":55},"end":{"line":2,"column":116}},"2":{"start":{"line":5,"column":22},"end":{"line":9,"column":1}},"3":{"start":{"line":6,"column":19},"end":{"line":6,"column":75}},"4":{"start":{"line":7,"column":25},"end":{"line":7,"column":120}},"5":{"start":{"line":7,"column":60},"end":{"line":7,"column":107}},"6":{"start":{"line":8,"column":1},"end":{"line":8,"column":41}},"7":{"start":{"line":12,"column":17},"end":{"line":14,"column":1}},"8":{"start":{"line":13,"column":1},"end":{"line":13,"column":68}},"9":{"start":{"line":13,"column":39},"end":{"line":13,"column":66}},"10":{"start":{"line":18,"column":23},"end":{"line":30,"column":1}},"11":{"start":{"line":19,"column":1},"end":{"line":19,"column":29}},"12":{"start":{"line":19,"column":22},"end":{"line":19,"column":29}},"13":{"start":{"line":20,"column":14},"end":{"line":20,"column":34}},"14":{"start":{"line":21,"column":1},"end":{"line":27,"column":4}},"15":{"start":{"line":21,"column":26},"end":{"line":27,"column":4}},"16":{"start":{"line":22,"column":17},"end":{"line":22,"column":48}},"17":{"start":{"line":23,"column":17},"end":{"line":23,"column":48}},"18":{"start":{"line":24,"column":2},"end":{"line":24,"column":45}},"19":{"start":{"line":24,"column":25},"end":{"line":24,"column":45}},"20":{"start":{"line":25,"column":2},"end":{"line":25,"column":45}},"21":{"start":{"line":25,"column":25},"end":{"line":25,"column":45}},"22":{"start":{"line":26,"column":2},"end":{"line":26,"column":11}},"23":{"start":{"line":28,"column":1},"end":{"line":28,"column":104}},"24":{"start":{"line":28,"column":26},"end":{"line":28,"column":104}},"25":{"start":{"line":28,"column":50},"end":{"line":28,"column":101}},"26":{"start":{"line":29,"column":1},"end":{"line":29,"column":134}},"27":{"start":{"line":29,"column":26},"end":{"line":29,"column":134}},"28":{"start":{"line":29,"column":50},"end":{"line":29,"column":131}},"29":{"start":{"line":33,"column":19},"end":{"line":40,"column":1}},"30":{"start":{"line":34,"column":17},"end":{"line":38,"column":2}},"31":{"start":{"line":39,"column":1},"end":{"line":39,"column":60}}},"fnMap":{"0":{"name":"(anonymous_0)","decl":{"start":{"line":2,"column":21},"end":{"line":2,"column":22}},"loc":{"start":{"line":2,"column":55},"end":{"line":2,"column":116}},"line":2},"1":{"name":"(anonymous_1)","decl":{"start":{"line":5,"column":22},"end":{"line":5,"column":23}},"loc":{"start":{"line":5,"column":28},"end":{"line":9,"column":1}},"line":5},"2":{"name":"(anonymous_2)","decl":{"start":{"line":7,"column":54},"end":{"line":7,"column":55}},"loc":{"start":{"line":7,"column":60},"end":{"line":7,"column":107}},"line":7},"3":{"name":"(anonymous_3)","decl":{"start":{"line":12,"column":17},"end":{"line":12,"column":18}},"loc":{"start":{"line":12,"column":41},"end":{"line":14,"column":1}},"line":12},"4":{"name":"(anonymous_4)","decl":{"start":{"line":13,"column":32},"end":{"line":13,"column":33}},"loc":{"start":{"line":13,"column":39},"end":{"line":13,"column":66}},"line":13},"5":{"name":"(anonymous_5)","decl":{"start":{"line":18,"column":23},"end":{"line":18,"column":24}},"loc":{"start":{"line":18,"column":46},"end":{"line":30,"column":1}},"line":18},"6":{"name":"(anonymous_6)","decl":{"start":{"line":21,"column":38},"end":{"line":21,"column":39}},"loc":{"start":{"line":21,"column":50},"end":{"line":27,"column":2}},"line":21},"7":{"name":"(anonymous_7)","decl":{"start":{"line":28,"column":38},"end":{"line":28,"column":39}},"loc":{"start":{"line":28,"column":50},"end":{"line":28,"column":101}},"line":28},"8":{"name":"(anonymous_8)","decl":{"start":{"line":29,"column":38},"end":{"line":29,"column":39}},"loc":{"start":{"line":29,"column":50},"end":{"line":29,"column":131}},"line":29},"9":{"name":"(anonymous_9)","decl":{"start":{"line":33,"column":19},"end":{"line":33,"column":20}},"loc":{"start":{"line":33,"column":31},"end":{"line":40,"column":1}},"line":33}},"branchMap":{"0":{"loc":{"start":{"line":2,"column":23},"end":{"line":2,"column":34}},"type":"default-arg","locations":[{"start":{"line":2,"column":33},"end":{"line":2,"column":34}}],"line":2},"1":{"loc":{"start":{"line":2,"column":36},"end":{"line":2,"column":49}},"type":"default-arg","locations":[{"start":{"line":2,"column":46},"end":{"line":2,"column":49}}],"line":2},"2":{"loc":{"start":{"line":19,"column":1},"end":{"line":19,"column":29}},"type":"if","locations":[{"start":{"line":19,"column":1},"end":{"line":19,"column":29}},{"start":{},"end":{}}],"line":19},"3":{"loc":{"start":{"line":21,"column":1},"end":{"line":27,"column":4}},"type":"if","locations":[{"start":{"line":21,"column":1},"end":{"line":27,"column":4}},{"start":{},"end":{}}],"line":21},"4":{"loc":{"start":{"line":24,"column":2},"end":{"line":24,"column":45}},"type":"if","locations":[{"start":{"line":24,"column":2},"end":{"line":24,"column":45}},{"start":{},"end":{}}],"line":24},"5":{"loc":{"start":{"line":24,"column":32},"end":{"line":24,"column":44}},"type":"cond-expr","locations":[{"start":{"line":24,"column":38},"end":{"line":24,"column":40}},{"start":{"line":24,"column":43},"end":{"line":24,"column":44}}],"line":24},"6":{"loc":{"start":{"line":25,"column":2},"end":{"line":25,"column":45}},"type":"if","locations":[{"start":{"line":25,"column":2},"end":{"line":25,"column":45}},{"start":{},"end":{}}],"line":25},"7":{"loc":{"start":{"line":25,"column":32},"end":{"line":25,"column":44}},"type":"cond-expr","locations":[{"start":{"line":25,"column":38},"end":{"line":25,"column":39}},{"start":{"line":25,"column":42},"end":{"line":25,"column":44}}],"line":25},"8":{"loc":{"start":{"line":28,"column":1},"end":{"line":28,"column":104}},"type":"if","locations":[{"start":{"line":28,"column":1},"end":{"line":28,"column":104}},{"start":{},"end":{}}],"line":28},"9":{"loc":{"start":{"line":28,"column":52},"end":{"line":28,"column":73}},"type":"cond-expr","locations":[{"start":{"line":28,"column":58},"end":{"line":28,"column":64}},{"start":{"line":28,"column":67},"end":{"line":28,"column":73}}],"line":28},"10":{"loc":{"start":{"line":28,"column":79},"end":{"line":28,"column":100}},"type":"cond-expr","locations":[{"start":{"line":28,"column":85},"end":{"line":28,"column":91}},{"start":{"line":28,"column":94},"end":{"line":28,"column":100}}],"line":28},"11":{"loc":{"start":{"line":29,"column":1},"end":{"line":29,"column":134}},"type":"if","locations":[{"start":{"line":29,"column":1},"end":{"line":29,"column":134}},{"start":{},"end":{}}],"line":29},"12":{"loc":{"start":{"line":29,"column":52},"end":{"line":29,"column":87}},"type":"cond-expr","locations":[{"start":{"line":29,"column":58},"end":{"line":29,"column":71}},{"start":{"line":29,"column":74},"end":{"line":29,"column":87}}],"line":29},"13":{"loc":{"start":{"line":29,"column":94},"end":{"line":29,"column":129}},"type":"cond-expr","locations":[{"start":{"line":29,"column":100},"end":{"line":29,"column":113}},{"start":{"line":29,"column":116},"end":{"line":29,"column":129}}],"line":29}},"s":{"0":1,"1":4,"2":1,"3":3,"4":3,"5":48,"6":3,"7":1,"8":0,"9":0,"10":1,"11":0,"12":0,"13":0,"14":0,"15":0,"16":0,"17":0,"18":0,"19":0,"20":0,"21":0,"22":0,"23":0,"24":0,"25":0,"26":0,"27":0,"28":0,"29":1,"30":0,"31":0},"f":{"0":4,"1":3,"2":48,"3":0,"4":0,"5":0,"6":0,"7":0,"8":0,"9":0},"b":{"0":[1],"1":[1],"2":[0,0],"3":[0,0],"4":[0,0],"5":[0,0],"6":[0,0],"7":[0,0],"8":[0,0],"9":[0,0],"10":[0,0],"11":[0,0],"12":[0,0],"13":[0,0]},"_coverageSchema":"1a1c01bbd47fc00a2c39e90264f33305004495a9","hash":"286640cf9403fe6007da9f798dbc3a488b783c79"}
}
