{"/home/app/src/components/Icons/cIcon.vue": {"path":"/home/app/src/components/Icons/cIcon.vue","statementMap":{"0":{"start":{"line":8,"column":15},"end":{"line":8,"column":null}}},"fnMap":{},"branchMap":{},"s":{"0":9},"f":{},"b":{}}
,"/home/app/src/components/Inputs/cButton.vue": {"path":"/home/app/src/components/Inputs/cButton.vue","statementMap":{"0":{"start":{"line":11,"column":15},"end":{"line":11,"column":null}}},"fnMap":{},"branchMap":{},"s":{"0":9},"f":{},"b":{}}
,"/home/app/src/components/Misc/cBanner.vue": {"path":"/home/app/src/components/Misc/cBanner.vue","statementMap":{"0":{"start":{"line":12,"column":15},"end":{"line":12,"column":null}}},"fnMap":{},"branchMap":{},"s":{"0":1},"f":{},"b":{}}
,"/home/app/src/components/Misc/cCard.vue": {"path":"/home/app/src/components/Misc/cCard.vue","statementMap":{"0":{"start":{"line":14,"column":15},"end":{"line":14,"column":null}}},"fnMap":{},"branchMap":{},"s":{"0":1},"f":{},"b":{}}
,"/home/app/src/components/Misc/cToast.vue": {"path":"/home/app/src/components/Misc/cToast.vue","statementMap":{"0":{"start":{"line":17,"column":15},"end":{"line":17,"column":null}},"1":{"start":{"line":45,"column":20},"end":{"line":45,"column":null}},"2":{"start":{"line":50,"column":33},"end":{"line":50,"column":null}},"3":{"start":{"line":51,"column":16},"end":{"line":51,"column":21}},"4":{"start":{"line":52,"column":20},"end":{"line":52,"column":25}},"5":{"start":{"line":53,"column":16},"end":{"line":53,"column":21}},"6":{"start":{"line":55,"column":16},"end":{"line":55,"column":42}},"7":{"start":{"line":55,"column":22},"end":{"line":55,"column":42}},"8":{"start":{"line":65,"column":2},"end":{"line":65,"column":9}}},"fnMap":{"0":{"name":"(anonymous_0)","decl":{"start":{"line":45,"column":14},"end":{"line":45,"column":20}},"loc":{"start":{"line":45,"column":20},"end":{"line":45,"column":null}}},"1":{"name":"(anonymous_1)","decl":{"start":{"line":49,"column":1},"end":{"line":49,"column":6}},"loc":{"start":{"line":49,"column":17},"end":{"line":66,"column":null}}},"2":{"name":"(anonymous_2)","decl":{"start":{"line":55,"column":16},"end":{"line":55,"column":22}},"loc":{"start":{"line":55,"column":22},"end":{"line":55,"column":42}}}},"branchMap":{},"s":{"0":1,"1":2,"2":2,"3":2,"4":2,"5":2,"6":2,"7":0,"8":2},"f":{"0":2,"1":2,"2":0},"b":{}}
,"/home/app/src/core/utils.js": {"path":"/home/app/src/core/utils.js","statementMap":{"0":{"start":{"line":2,"column":21},"end":{"line":2,"column":116}},"1":{"start":{"line":2,"column":55},"end":{"line":2,"column":116}},"2":{"start":{"line":5,"column":22},"end":{"line":9,"column":1}},"3":{"start":{"line":6,"column":19},"end":{"line":6,"column":75}},"4":{"start":{"line":7,"column":25},"end":{"line":7,"column":120}},"5":{"start":{"line":7,"column":60},"end":{"line":7,"column":107}},"6":{"start":{"line":8,"column":1},"end":{"line":8,"column":41}},"7":{"start":{"line":12,"column":23},"end":{"line":26,"column":1}},"8":{"start":{"line":13,"column":1},"end":{"line":13,"column":29}},"9":{"start":{"line":13,"column":22},"end":{"line":13,"column":29}},"10":{"start":{"line":14,"column":14},"end":{"line":14,"column":34}},"11":{"start":{"line":15,"column":1},"end":{"line":23,"column":2}},"12":{"start":{"line":16,"column":2},"end":{"line":22,"column":5}},"13":{"start":{"line":17,"column":18},"end":{"line":17,"column":49}},"14":{"start":{"line":18,"column":18},"end":{"line":18,"column":49}},"15":{"start":{"line":19,"column":3},"end":{"line":19,"column":46}},"16":{"start":{"line":19,"column":26},"end":{"line":19,"column":46}},"17":{"start":{"line":20,"column":3},"end":{"line":20,"column":46}},"18":{"start":{"line":20,"column":26},"end":{"line":20,"column":46}},"19":{"start":{"line":21,"column":3},"end":{"line":21,"column":12}},"20":{"start":{"line":24,"column":1},"end":{"line":24,"column":104}},"21":{"start":{"line":24,"column":26},"end":{"line":24,"column":104}},"22":{"start":{"line":24,"column":50},"end":{"line":24,"column":101}},"23":{"start":{"line":25,"column":1},"end":{"line":25,"column":134}},"24":{"start":{"line":25,"column":26},"end":{"line":25,"column":134}},"25":{"start":{"line":25,"column":50},"end":{"line":25,"column":131}},"26":{"start":{"line":29,"column":19},"end":{"line":36,"column":1}},"27":{"start":{"line":30,"column":17},"end":{"line":34,"column":2}},"28":{"start":{"line":35,"column":1},"end":{"line":35,"column":60}}},"fnMap":{"0":{"name":"(anonymous_0)","decl":{"start":{"line":2,"column":21},"end":{"line":2,"column":22}},"loc":{"start":{"line":2,"column":55},"end":{"line":2,"column":116}},"line":2},"1":{"name":"(anonymous_1)","decl":{"start":{"line":5,"column":22},"end":{"line":5,"column":23}},"loc":{"start":{"line":5,"column":28},"end":{"line":9,"column":1}},"line":5},"2":{"name":"(anonymous_2)","decl":{"start":{"line":7,"column":54},"end":{"line":7,"column":55}},"loc":{"start":{"line":7,"column":60},"end":{"line":7,"column":107}},"line":7},"3":{"name":"(anonymous_3)","decl":{"start":{"line":12,"column":23},"end":{"line":12,"column":24}},"loc":{"start":{"line":12,"column":46},"end":{"line":26,"column":1}},"line":12},"4":{"name":"(anonymous_4)","decl":{"start":{"line":16,"column":14},"end":{"line":16,"column":15}},"loc":{"start":{"line":16,"column":26},"end":{"line":22,"column":3}},"line":16},"5":{"name":"(anonymous_5)","decl":{"start":{"line":24,"column":38},"end":{"line":24,"column":39}},"loc":{"start":{"line":24,"column":50},"end":{"line":24,"column":101}},"line":24},"6":{"name":"(anonymous_6)","decl":{"start":{"line":25,"column":38},"end":{"line":25,"column":39}},"loc":{"start":{"line":25,"column":50},"end":{"line":25,"column":131}},"line":25},"7":{"name":"(anonymous_7)","decl":{"start":{"line":29,"column":19},"end":{"line":29,"column":20}},"loc":{"start":{"line":29,"column":27},"end":{"line":36,"column":1}},"line":29}},"branchMap":{"0":{"loc":{"start":{"line":2,"column":23},"end":{"line":2,"column":34}},"type":"default-arg","locations":[{"start":{"line":2,"column":33},"end":{"line":2,"column":34}}],"line":2},"1":{"loc":{"start":{"line":2,"column":36},"end":{"line":2,"column":49}},"type":"default-arg","locations":[{"start":{"line":2,"column":46},"end":{"line":2,"column":49}}],"line":2},"2":{"loc":{"start":{"line":13,"column":1},"end":{"line":13,"column":29}},"type":"if","locations":[{"start":{"line":13,"column":1},"end":{"line":13,"column":29}},{"start":{},"end":{}}],"line":13},"3":{"loc":{"start":{"line":15,"column":1},"end":{"line":23,"column":2}},"type":"if","locations":[{"start":{"line":15,"column":1},"end":{"line":23,"column":2}},{"start":{},"end":{}}],"line":15},"4":{"loc":{"start":{"line":19,"column":3},"end":{"line":19,"column":46}},"type":"if","locations":[{"start":{"line":19,"column":3},"end":{"line":19,"column":46}},{"start":{},"end":{}}],"line":19},"5":{"loc":{"start":{"line":19,"column":33},"end":{"line":19,"column":45}},"type":"cond-expr","locations":[{"start":{"line":19,"column":39},"end":{"line":19,"column":41}},{"start":{"line":19,"column":44},"end":{"line":19,"column":45}}],"line":19},"6":{"loc":{"start":{"line":20,"column":3},"end":{"line":20,"column":46}},"type":"if","locations":[{"start":{"line":20,"column":3},"end":{"line":20,"column":46}},{"start":{},"end":{}}],"line":20},"7":{"loc":{"start":{"line":20,"column":33},"end":{"line":20,"column":45}},"type":"cond-expr","locations":[{"start":{"line":20,"column":39},"end":{"line":20,"column":40}},{"start":{"line":20,"column":43},"end":{"line":20,"column":45}}],"line":20},"8":{"loc":{"start":{"line":24,"column":1},"end":{"line":24,"column":104}},"type":"if","locations":[{"start":{"line":24,"column":1},"end":{"line":24,"column":104}},{"start":{},"end":{}}],"line":24},"9":{"loc":{"start":{"line":24,"column":52},"end":{"line":24,"column":73}},"type":"cond-expr","locations":[{"start":{"line":24,"column":58},"end":{"line":24,"column":64}},{"start":{"line":24,"column":67},"end":{"line":24,"column":73}}],"line":24},"10":{"loc":{"start":{"line":24,"column":79},"end":{"line":24,"column":100}},"type":"cond-expr","locations":[{"start":{"line":24,"column":85},"end":{"line":24,"column":91}},{"start":{"line":24,"column":94},"end":{"line":24,"column":100}}],"line":24},"11":{"loc":{"start":{"line":25,"column":1},"end":{"line":25,"column":134}},"type":"if","locations":[{"start":{"line":25,"column":1},"end":{"line":25,"column":134}},{"start":{},"end":{}}],"line":25},"12":{"loc":{"start":{"line":25,"column":52},"end":{"line":25,"column":87}},"type":"cond-expr","locations":[{"start":{"line":25,"column":58},"end":{"line":25,"column":71}},{"start":{"line":25,"column":74},"end":{"line":25,"column":87}}],"line":25},"13":{"loc":{"start":{"line":25,"column":94},"end":{"line":25,"column":129}},"type":"cond-expr","locations":[{"start":{"line":25,"column":100},"end":{"line":25,"column":113}},{"start":{"line":25,"column":116},"end":{"line":25,"column":129}}],"line":25}},"s":{"0":2,"1":4,"2":2,"3":3,"4":3,"5":48,"6":3,"7":2,"8":10,"9":1,"10":9,"11":9,"12":3,"13":13,"14":13,"15":13,"16":2,"17":11,"18":7,"19":4,"20":9,"21":3,"22":14,"23":9,"24":3,"25":14,"26":2,"27":1,"28":1},"f":{"0":4,"1":3,"2":48,"3":10,"4":13,"5":14,"6":14,"7":1},"b":{"0":[1],"1":[1],"2":[1,9],"3":[3,6],"4":[2,11],"5":[2,0],"6":[7,4],"7":[4,3],"8":[3,6],"9":[9,5],"10":[9,5],"11":[3,6],"12":[8,6],"13":[8,6]},"_coverageSchema":"1a1c01bbd47fc00a2c39e90264f33305004495a9","hash":"827e634ba51b2876b4afb18d7b4cdc63ab28a0d3"}
,"/home/app/src/store/Notifications.js": {"path":"/home/app/src/store/Notifications.js","statementMap":{"0":{"start":{"line":4,"column":22},"end":{"line":4,"column":34}},"1":{"start":{"line":7,"column":28},"end":{"line":16,"column":2}},"2":{"start":{"line":8,"column":2},"end":{"line":15,"column":5}},"3":{"start":{"line":18,"column":28},"end":{"line":21,"column":2}},"4":{"start":{"line":19,"column":16},"end":{"line":19,"column":65}},"5":{"start":{"line":19,"column":49},"end":{"line":19,"column":63}},"6":{"start":{"line":20,"column":2},"end":{"line":20,"column":35}},"7":{"start":{"line":23,"column":32},"end":{"line":23,"column":85}},"8":{"start":{"line":23,"column":38},"end":{"line":23,"column":85}},"9":{"start":{"line":25,"column":1},"end":{"line":30,"column":3}}},"fnMap":{"0":{"name":"useUser","decl":{"start":{"line":6,"column":24},"end":{"line":6,"column":31}},"loc":{"start":{"line":6,"column":35},"end":{"line":31,"column":1}},"line":6},"1":{"name":"(anonymous_1)","decl":{"start":{"line":7,"column":28},"end":{"line":7,"column":29}},"loc":{"start":{"line":7,"column":39},"end":{"line":16,"column":2}},"line":7},"2":{"name":"(anonymous_2)","decl":{"start":{"line":18,"column":28},"end":{"line":18,"column":29}},"loc":{"start":{"line":18,"column":34},"end":{"line":21,"column":2}},"line":18},"3":{"name":"(anonymous_3)","decl":{"start":{"line":19,"column":41},"end":{"line":19,"column":42}},"loc":{"start":{"line":19,"column":49},"end":{"line":19,"column":63}},"line":19},"4":{"name":"(anonymous_4)","decl":{"start":{"line":23,"column":32},"end":{"line":23,"column":33}},"loc":{"start":{"line":23,"column":38},"end":{"line":23,"column":85}},"line":23}},"branchMap":{"0":{"loc":{"start":{"line":9,"column":9},"end":{"line":9,"column":38}},"type":"binary-expr","locations":[{"start":{"line":9,"column":9},"end":{"line":9,"column":19}},{"start":{"line":9,"column":23},"end":{"line":9,"column":38}}],"line":9},"1":{"loc":{"start":{"line":10,"column":11},"end":{"line":10,"column":33}},"type":"binary-expr","locations":[{"start":{"line":10,"column":11},"end":{"line":10,"column":23}},{"start":{"line":10,"column":27},"end":{"line":10,"column":33}}],"line":10},"2":{"loc":{"start":{"line":11,"column":12},"end":{"line":11,"column":51}},"type":"binary-expr","locations":[{"start":{"line":11,"column":12},"end":{"line":11,"column":25}},{"start":{"line":11,"column":29},"end":{"line":11,"column":41}},{"start":{"line":11,"column":45},"end":{"line":11,"column":51}}],"line":11},"3":{"loc":{"start":{"line":12,"column":14},"end":{"line":12,"column":35}},"type":"binary-expr","locations":[{"start":{"line":12,"column":14},"end":{"line":12,"column":29}},{"start":{"line":12,"column":33},"end":{"line":12,"column":35}}],"line":12}},"s":{"0":1,"1":2,"2":0,"3":2,"4":0,"5":0,"6":0,"7":2,"8":0,"9":2},"f":{"0":2,"1":0,"2":0,"3":0,"4":0},"b":{"0":[0,0],"1":[0,0],"2":[0,0,0],"3":[0,0]},"_coverageSchema":"1a1c01bbd47fc00a2c39e90264f33305004495a9","hash":"83b0bedeb31ee9385c770a391bc800e3e0514bb3"}
}
