TN:
SF:src/components/Icons/cIcon.vue
FNF:0
FNH:0
DA:8,1
LF:1
LH:1
BRF:0
BRH:0
end_of_record
TN:
SF:src/components/Misc/cBanner.vue
FNF:0
FNH:0
DA:12,1
LF:1
LH:1
BRF:0
BRH:0
end_of_record
TN:
SF:src/components/Misc/cCard.vue
FNF:0
FNH:0
DA:14,1
LF:1
LH:1
BRF:0
BRH:0
end_of_record
TN:
SF:src/core/utils.js
FN:2,(anonymous_0)
FN:5,(anonymous_1)
FN:7,(anonymous_2)
FN:12,(anonymous_3)
FN:16,(anonymous_4)
FN:24,(anonymous_5)
FN:25,(anonymous_6)
FN:29,(anonymous_7)
FNF:8
FNH:8
FNDA:4,(anonymous_0)
FNDA:3,(anonymous_1)
FNDA:48,(anonymous_2)
FNDA:10,(anonymous_3)
FNDA:13,(anonymous_4)
FNDA:14,(anonymous_5)
FNDA:14,(anonymous_6)
FNDA:1,(anonymous_7)
DA:2,4
DA:5,1
DA:6,3
DA:7,48
DA:8,3
DA:12,1
DA:13,10
DA:14,9
DA:15,9
DA:16,3
DA:17,13
DA:18,13
DA:19,13
DA:20,11
DA:21,4
DA:24,14
DA:25,14
DA:29,1
DA:30,1
DA:35,1
LF:20
LH:20
BRDA:2,0,0,1
BRDA:2,1,0,1
BRDA:13,2,0,1
BRDA:13,2,1,9
BRDA:15,3,0,3
BRDA:15,3,1,6
BRDA:19,4,0,2
BRDA:19,4,1,11
BRDA:19,5,0,2
BRDA:19,5,1,0
BRDA:20,6,0,7
BRDA:20,6,1,4
BRDA:20,7,0,4
BRDA:20,7,1,3
BRDA:24,8,0,3
BRDA:24,8,1,6
BRDA:24,9,0,9
BRDA:24,9,1,5
BRDA:24,10,0,9
BRDA:24,10,1,5
BRDA:25,11,0,3
BRDA:25,11,1,6
BRDA:25,12,0,8
BRDA:25,12,1,6
BRDA:25,13,0,8
BRDA:25,13,1,6
BRF:26
BRH:25
end_of_record
