TN:
SF:src/core/utils.js
FN:2,(anonymous_0)
FN:5,(anonymous_1)
FN:7,(anonymous_2)
FN:12,(anonymous_3)
FN:13,(anonymous_4)
FN:18,(anonymous_5)
FN:21,(anonymous_6)
FN:28,(anonymous_7)
FN:29,(anonymous_8)
FN:33,(anonymous_9)
FNF:10
FNH:3
FNDA:4,(anonymous_0)
FNDA:3,(anonymous_1)
FNDA:48,(anonymous_2)
FNDA:0,(anonymous_3)
FNDA:0,(anonymous_4)
FNDA:0,(anonymous_5)
FNDA:0,(anonymous_6)
FNDA:0,(anonymous_7)
FNDA:0,(anonymous_8)
FNDA:0,(anonymous_9)
DA:2,4
DA:5,1
DA:6,3
DA:7,48
DA:8,3
DA:12,1
DA:13,0
DA:18,1
DA:19,0
DA:20,0
DA:21,0
DA:22,0
DA:23,0
DA:24,0
DA:25,0
DA:26,0
DA:28,0
DA:29,0
DA:33,1
DA:34,0
DA:39,0
LF:21
LH:8
BRDA:2,0,0,1
BRDA:2,1,0,1
BRDA:19,2,0,0
BRDA:19,2,1,0
BRDA:21,3,0,0
BRDA:21,3,1,0
BRDA:24,4,0,0
BRDA:24,4,1,0
BRDA:24,5,0,0
BRDA:24,5,1,0
BRDA:25,6,0,0
BRDA:25,6,1,0
BRDA:25,7,0,0
BRDA:25,7,1,0
BRDA:28,8,0,0
BRDA:28,8,1,0
BRDA:28,9,0,0
BRDA:28,9,1,0
BRDA:28,10,0,0
BRDA:28,10,1,0
BRDA:29,11,0,0
BRDA:29,11,1,0
BRDA:29,12,0,0
BRDA:29,12,1,0
BRDA:29,13,0,0
BRDA:29,13,1,0
BRF:26
BRH:2
end_of_record
